<?xml version="1.0" encoding="UTF-8" ?>
<testsuite tests="6" failures="0" name="TestH2ConnectDao" time="0.112" errors="0" skipped="0">
  <properties>
[...]
</properties>
  <testcase classname="TestH2ConnectDao" name="testGetNUniqueRequests" time="0.052"/>
  <testcase classname="TestH2ConnectDao" name="testInsertConnect" time="0.015"/>
  <testcase classname="TestH2ConnectDao" name="testGetLastNConn" time="0.013"/>
  <testcase classname="TestH2ConnectDao" name="testSelectAll" time="0.018"/>
  <testcase classname="TestH2ConnectDao" name="testUniqueRequest" time="0.008"/>
  <testcase classname="TestH2ConnectDao" name="testSelectById" time="0.006"/>
</testsuite>